Determining if the pthread_create exist failed with the following output:
Change Dir: /home/sachin/projects/Socktap_KDevelop/build/CMakeFiles/CMakeTmp

Run Build Command:"/usr/bin/make" "cmTC_e9052/fast"
/usr/bin/make -f CMakeFiles/cmTC_e9052.dir/build.make CMakeFiles/cmTC_e9052.dir/build
make[1]: Entering directory '/home/sachin/projects/Socktap_KDevelop/build/CMakeFiles/CMakeTmp'
Building C object CMakeFiles/cmTC_e9052.dir/CheckSymbolExists.c.o
/usr/bin/cc     -o CMakeFiles/cmTC_e9052.dir/CheckSymbolExists.c.o   -c /home/sachin/projects/Socktap_KDevelop/build/CMakeFiles/CMakeTmp/CheckSymbolExists.c
Linking C executable cmTC_e9052
/usr/bin/cmake -E cmake_link_script CMakeFiles/cmTC_e9052.dir/link.txt --verbose=1
/usr/bin/cc       CMakeFiles/cmTC_e9052.dir/CheckSymbolExists.c.o  -o cmTC_e9052 -rdynamic 
CMakeFiles/cmTC_e9052.dir/CheckSymbolExists.c.o: In function `main':
CheckSymbolExists.c:(.text+0xa): undefined reference to `pthread_create'
collect2: error: ld returned 1 exit status
CMakeFiles/cmTC_e9052.dir/build.make:97: recipe for target 'cmTC_e9052' failed
make[1]: *** [cmTC_e9052] Error 1
make[1]: Leaving directory '/home/sachin/projects/Socktap_KDevelop/build/CMakeFiles/CMakeTmp'
Makefile:126: recipe for target 'cmTC_e9052/fast' failed
make: *** [cmTC_e9052/fast] Error 2

File /home/sachin/projects/Socktap_KDevelop/build/CMakeFiles/CMakeTmp/CheckSymbolExists.c:
/* */
#include <pthread.h>

int main(int argc, char** argv)
{
  (void)argv;
#ifndef pthread_create
  return ((int*)(&pthread_create))[argc];
#else
  (void)argc;
  return 0;
#endif
}

Determining if the function pthread_create exists in the pthreads failed with the following output:
Change Dir: /home/sachin/projects/Socktap_KDevelop/build/CMakeFiles/CMakeTmp

Run Build Command:"/usr/bin/make" "cmTC_76bce/fast"
/usr/bin/make -f CMakeFiles/cmTC_76bce.dir/build.make CMakeFiles/cmTC_76bce.dir/build
make[1]: Entering directory '/home/sachin/projects/Socktap_KDevelop/build/CMakeFiles/CMakeTmp'
Building C object CMakeFiles/cmTC_76bce.dir/CheckFunctionExists.c.o
/usr/bin/cc    -DCHECK_FUNCTION_EXISTS=pthread_create   -o CMakeFiles/cmTC_76bce.dir/CheckFunctionExists.c.o   -c /usr/share/cmake-3.5/Modules/CheckFunctionExists.c
Linking C executable cmTC_76bce
/usr/bin/cmake -E cmake_link_script CMakeFiles/cmTC_76bce.dir/link.txt --verbose=1
/usr/bin/cc   -DCHECK_FUNCTION_EXISTS=pthread_create    CMakeFiles/cmTC_76bce.dir/CheckFunctionExists.c.o  -o cmTC_76bce -rdynamic -lpthreads 
/usr/bin/ld: cannot find -lpthreads
collect2: error: ld returned 1 exit status
CMakeFiles/cmTC_76bce.dir/build.make:97: recipe for target 'cmTC_76bce' failed
make[1]: *** [cmTC_76bce] Error 1
make[1]: Leaving directory '/home/sachin/projects/Socktap_KDevelop/build/CMakeFiles/CMakeTmp'
Makefile:126: recipe for target 'cmTC_76bce/fast' failed
make: *** [cmTC_76bce/fast] Error 2


